<?xml version="1.0" encoding="UTF-8"?>
<!-- Generated by org.testng.reporters.JUnitReportReporter -->
<testsuite hostname="Josephs-MBP" failures="0" tests="1" name="net.speedtest.SpeedTest" time="82.344" errors="0" timestamp="06 Oct 2020 10:01:55 GMT" skipped="0">
  <testcase classname="net.speedtest.SpeedTest" name="speedTest" time="82.344"/>
</testsuite> <!-- net.speedtest.SpeedTest -->
